<?xml version="1.0" encoding="UTF-8"?>
<testsuite name="demolition.EnemyAndCharTest" tests="14" skipped="0" failures="0" errors="0" timestamp="2022-08-31T03:11:27" hostname="LAPTOP-PT0FPLDG" time="0.021">
  <properties/>
  <testcase name="updMapTest()" classname="demolition.EnemyAndCharTest" time="0.003"/>
  <testcase name="tickRed()" classname="demolition.EnemyAndCharTest" time="0.001"/>
  <testcase name="getRealCoordinateTest()" classname="demolition.EnemyAndCharTest" time="0.001"/>
  <testcase name="redConstructor()" classname="demolition.EnemyAndCharTest" time="0.0"/>
  <testcase name="tickYellowMove()" classname="demolition.EnemyAndCharTest" time="0.003"/>
  <testcase name="changeCoorTest()" classname="demolition.EnemyAndCharTest" time="0.0"/>
  <testcase name="tickChangeImage()" classname="demolition.EnemyAndCharTest" time="0.001"/>
  <testcase name="tickCounter()" classname="demolition.EnemyAndCharTest" time="0.001"/>
  <testcase name="tickRedMove()" classname="demolition.EnemyAndCharTest" time="0.001"/>
  <testcase name="redToString()" classname="demolition.EnemyAndCharTest" time="0.001"/>
  <testcase name="changeDirectionTest()" classname="demolition.EnemyAndCharTest" time="0.0"/>
  <testcase name="yellowConstructor()" classname="demolition.EnemyAndCharTest" time="0.0"/>
  <testcase name="yellowToString()" classname="demolition.EnemyAndCharTest" time="0.0"/>
  <testcase name="tickYellow()" classname="demolition.EnemyAndCharTest" time="0.0"/>
  <system-out><![CDATA[]]></system-out>
  <system-err><![CDATA[]]></system-err>
</testsuite>
