<?xml version="1.0" encoding="UTF-8"?>
<testsuite name="demolition.GameObjectTest" tests="2" skipped="0" failures="0" errors="0" timestamp="2022-08-31T03:11:27" hostname="LAPTOP-PT0FPLDG" time="0.002">
  <properties/>
  <testcase name="getXTest()" classname="demolition.GameObjectTest" time="0.001"/>
  <testcase name="getYTest()" classname="demolition.GameObjectTest" time="0.0"/>
  <system-out><![CDATA[]]></system-out>
  <system-err><![CDATA[]]></system-err>
</testsuite>
